<?xml version="1.0" encoding="UTF-8"?>
<!-- Generated by org.testng.reporters.JUnitReportReporter -->
<testsuite hostname="Anish" failures="0" tests="22" name="com.saucedemo.tests.ContactTest" time="-1704882688.000" errors="1" timestamp="2024-01-10T16:01:37 IST" skipped="21">
  <testcase classname="com.saucedemo.tests.ContactTest" name="setUp" time="-1704882688.000">
    <error message="
Parameter &#039;browserName&#039; is required by BeforeClass on method setUp but has not been marked @Optional or defined
in C:\Users\Anishkumar\AppData\Local\Temp\testng-eclipse--1387154705\testng-customsuite.xml" type="org.testng.TestNGException">
      <![CDATA[org.testng.TestNGException: 
Parameter 'browserName' is required by BeforeClass on method setUp but has not been marked @Optional or defined
in C:\Users\Anishkumar\AppData\Local\Temp\testng-eclipse--1387154705\testng-customsuite.xml
at org.testng.internal.Parameters.createParams(Parameters.java:270)
at org.testng.internal.Parameters.createParametersForMethod(Parameters.java:358)
at org.testng.internal.Parameters.createParameters(Parameters.java:700)
at org.testng.internal.Parameters.createConfigurationParameters(Parameters.java:168)
at org.testng.internal.ConfigInvoker.invokeConfigurations(ConfigInvoker.java:302)
at org.testng.internal.TestMethodWorker.invokeBeforeClassMethods(TestMethodWorker.java:176)
at org.testng.internal.TestMethodWorker.run(TestMethodWorker.java:122)
at java.base/java.util.ArrayList.forEach(ArrayList.java:1541)
at org.testng.TestRunner.privateRun(TestRunner.java:794)
at org.testng.TestRunner.run(TestRunner.java:596)
at org.testng.SuiteRunner.runTest(SuiteRunner.java:377)
at org.testng.SuiteRunner.runSequentially(SuiteRunner.java:371)
at org.testng.SuiteRunner.privateRun(SuiteRunner.java:332)
at org.testng.SuiteRunner.run(SuiteRunner.java:276)
at org.testng.SuiteRunnerWorker.runSuite(SuiteRunnerWorker.java:53)
at org.testng.SuiteRunnerWorker.run(SuiteRunnerWorker.java:96)
at org.testng.TestNG.runSuitesSequentially(TestNG.java:1212)
at org.testng.TestNG.runSuitesLocally(TestNG.java:1134)
at org.testng.TestNG.runSuites(TestNG.java:1063)
at org.testng.TestNG.run(TestNG.java:1031)
at org.testng.remote.AbstractRemoteTestNG.run(AbstractRemoteTestNG.java:115)
at org.testng.remote.RemoteTestNG.initAndRun(RemoteTestNG.java:251)
at org.testng.remote.RemoteTestNG.main(RemoteTestNG.java:77)
]]>
    </error>
  </testcase> <!-- setUp -->
  <system-out/>
  <testcase classname="com.saucedemo.tests.ContactTest" name="TC014_sortDescendingOrder" time="0.000">
    <skipped/>
  </testcase> <!-- TC014_sortDescendingOrder -->
  <system-out/>
  <testcase classname="com.saucedemo.tests.ContactTest" name="TC015_sortLowToHigh" time="0.000">
    <skipped/>
  </testcase> <!-- TC015_sortLowToHigh -->
  <system-out/>
  <testcase classname="com.saucedemo.tests.ContactTest" name="TC016_sortHighToLow" time="0.000">
    <skipped/>
  </testcase> <!-- TC016_sortHighToLow -->
  <system-out/>
  <testcase classname="com.saucedemo.tests.ContactTest" name="TC013_sortAscendingOrder" time="0.000">
    <skipped/>
  </testcase> <!-- TC013_sortAscendingOrder -->
  <system-out/>
  <testcase classname="com.saucedemo.tests.ContactTest" name="TC008_addToCart" time="0.000">
    <skipped/>
  </testcase> <!-- TC008_addToCart -->
  <system-out/>
  <testcase classname="com.saucedemo.tests.ContactTest" name="TC009_addToAllCart" time="0.000">
    <skipped/>
  </testcase> <!-- TC009_addToAllCart -->
  <system-out/>
  <testcase classname="com.saucedemo.tests.ContactTest" name="TC012_deSelectAddToCart" time="0.000">
    <skipped/>
  </testcase> <!-- TC012_deSelectAddToCart -->
  <system-out/>
  <testcase classname="com.saucedemo.tests.ContactTest" name="TC017_verifyShoppingCartButton" time="0.000">
    <skipped/>
  </testcase> <!-- TC017_verifyShoppingCartButton -->
  <system-out/>
  <testcase classname="com.saucedemo.tests.ContactTest" name="TC018_verifyRemoveButton" time="0.000">
    <skipped/>
  </testcase> <!-- TC018_verifyRemoveButton -->
  <system-out/>
  <testcase classname="com.saucedemo.tests.ContactTest" name="TC019_verifyCheckoutButton" time="0.000">
    <skipped/>
  </testcase> <!-- TC019_verifyCheckoutButton -->
  <system-out/>
  <testcase classname="com.saucedemo.tests.ContactTest" name="TC020_verifyContinueShoppingButton" time="0.000">
    <skipped/>
  </testcase> <!-- TC020_verifyContinueShoppingButton -->
  <system-out/>
  <testcase classname="com.saucedemo.tests.ContactTest" name="TC021_verifyCancelButton" time="0.000">
    <skipped/>
  </testcase> <!-- TC021_verifyCancelButton -->
  <system-out/>
  <testcase classname="com.saucedemo.tests.ContactTest" name="TC022_verifyContinueButtonWithoutFirstName" time="0.000">
    <skipped/>
  </testcase> <!-- TC022_verifyContinueButtonWithoutFirstName -->
  <system-out/>
  <testcase classname="com.saucedemo.tests.ContactTest" name="TC023_verifyContinueButtonWithoutLastName" time="0.000">
    <skipped/>
  </testcase> <!-- TC023_verifyContinueButtonWithoutLastName -->
  <system-out/>
  <testcase classname="com.saucedemo.tests.ContactTest" name="TC024_verifyContinueButtonWithoutPostalCode" time="0.000">
    <skipped/>
  </testcase> <!-- TC024_verifyContinueButtonWithoutPostalCode -->
  <system-out/>
  <testcase classname="com.saucedemo.tests.ContactTest" name="TC025_verifyContinueButtonWithAllDetails" time="0.000">
    <skipped/>
  </testcase> <!-- TC025_verifyContinueButtonWithAllDetails -->
  <system-out/>
  <testcase classname="com.saucedemo.tests.ContactTest" name="TC027_verifyCancelButtonInCheckoutPage" time="0.000">
    <skipped/>
  </testcase> <!-- TC027_verifyCancelButtonInCheckoutPage -->
  <system-out/>
  <testcase classname="com.saucedemo.tests.ContactTest" name="TC026_verifyFinishButtonInCheckoutPage" time="0.000">
    <skipped/>
  </testcase> <!-- TC026_verifyFinishButtonInCheckoutPage -->
  <system-out/>
  <testcase classname="com.saucedemo.tests.ContactTest" name="TC007_navigateBrowserBack" time="0.000">
    <skipped/>
  </testcase> <!-- TC007_navigateBrowserBack -->
  <system-out/>
  <testcase classname="com.saucedemo.tests.ContactTest" name="TC006_navigateBrowserForward" time="0.000">
    <skipped/>
  </testcase> <!-- TC006_navigateBrowserForward -->
  <system-out/>
  <testcase classname="com.saucedemo.tests.ContactTest" name="TC030_verifyThankYouMessageInOverviewPage" time="0.000">
    <skipped/>
  </testcase> <!-- TC030_verifyThankYouMessageInOverviewPage -->
  <system-out/>
</testsuite> <!-- com.saucedemo.tests.ContactTest -->
